<?xml version="1.0" encoding="UTF-8"?>
<!-- Generated by org.testng.reporters.JUnitXMLReporter -->
<testsuite ignored="0" hostname="Krish" failures="0" tests="4" name="Default test" time="51.058" errors="0" timestamp="2023-01-11T10:51:16 MST">
  <testcase classname="Tests.LoginTest" name="Login" time="2.981"/>
  <testcase classname="Tests.LoginTest" name="homepagelogin" time="1.983"/>
  <testcase classname="Tests.LoginTest" name="register" time="2.822"/>
  <testcase classname="Tests.LoginTest" name="signin" time="43.22"/>
</testsuite> <!-- Default test -->
