<?xml version="1.0" encoding="UTF-8"?>
<testng-results ignored="0" total="4" passed="4" failed="0" skipped="0">
  <reporter-output>
  </reporter-output>
  <suite started-at="2023-01-11T10:50:25 MST" name="Default suite" finished-at="2023-01-11T10:51:16 MST" duration-ms="51058">
    <groups>
    </groups>
    <test started-at="2023-01-11T10:50:25 MST" name="Default test" finished-at="2023-01-11T10:51:16 MST" duration-ms="51058">
      <class name="Tests.LoginTest">
        <test-method signature="Login()[pri:0, instance:Tests.LoginTest@7c7b252e]" started-at="2023-01-11T10:50:25 MST" name="Login" finished-at="2023-01-11T10:50:28 MST" duration-ms="2981" status="PASS">
          <reporter-output>
          </reporter-output>
        </test-method> <!-- Login -->
        <test-method signature="homepagelogin()[pri:0, instance:Tests.LoginTest@7c7b252e]" started-at="2023-01-11T10:50:28 MST" name="homepagelogin" finished-at="2023-01-11T10:50:30 MST" duration-ms="1983" status="PASS">
          <reporter-output>
          </reporter-output>
        </test-method> <!-- homepagelogin -->
        <test-method signature="register()[pri:0, instance:Tests.LoginTest@7c7b252e]" started-at="2023-01-11T10:50:30 MST" name="register" finished-at="2023-01-11T10:50:33 MST" duration-ms="2822" status="PASS">
          <reporter-output>
          </reporter-output>
        </test-method> <!-- register -->
        <test-method signature="signin()[pri:0, instance:Tests.LoginTest@7c7b252e]" started-at="2023-01-11T10:50:33 MST" name="signin" finished-at="2023-01-11T10:51:16 MST" duration-ms="43220" status="PASS">
          <reporter-output>
          </reporter-output>
        </test-method> <!-- signin -->
      </class> <!-- Tests.LoginTest -->
    </test> <!-- Default test -->
  </suite> <!-- Default suite -->
</testng-results>
